Using pre-set license
Built from '2021.3/staging' branch; Version is '2021.3.18f1 (3129e69bc0c7) revision 3221990'; Using compiler version '192829333'; Build Type 'Release'
OS: 'Windows 10  (10.0.19045) 64bit Professional' Language: 'en' Physical Memory: 8041 MB
BatchMode: 1, IsHumanControllingUs: 0, StartBugReporterOnCrash: 0, Is64bit: 1, IsPro: 1

COMMAND LINE ARGUMENTS:
C:\Program Files\Unity\Hub\Editor\2021.3.18f1\Editor\Unity.exe
-adb2
-batchMode
-noUpm
-name
AssetImportWorker0
-projectPath
D:/Project/Github/3D-coin/BS FF12
-logFile
Logs/AssetImportWorker0.log
-srvPort
54737
Successfully changed project path to: D:/Project/Github/3D-coin/BS FF12
D:/Project/Github/3D-coin/BS FF12
[UnityMemory] Configuration Parameters - Can be set up in boot.config
    "memorysetup-bucket-allocator-granularity=16"
    "memorysetup-bucket-allocator-bucket-count=8"
    "memorysetup-bucket-allocator-block-size=33554432"
    "memorysetup-bucket-allocator-block-count=8"
    "memorysetup-main-allocator-block-size=16777216"
    "memorysetup-thread-allocator-block-size=16777216"
    "memorysetup-gfx-main-allocator-block-size=16777216"
    "memorysetup-gfx-thread-allocator-block-size=16777216"
    "memorysetup-cache-allocator-block-size=4194304"
    "memorysetup-typetree-allocator-block-size=2097152"
    "memorysetup-profiler-bucket-allocator-granularity=16"
    "memorysetup-profiler-bucket-allocator-bucket-count=8"
    "memorysetup-profiler-bucket-allocator-block-size=33554432"
    "memorysetup-profiler-bucket-allocator-block-count=8"
    "memorysetup-profiler-allocator-block-size=16777216"
    "memorysetup-profiler-editor-allocator-block-size=1048576"
    "memorysetup-temp-allocator-size-main=16777216"
    "memorysetup-job-temp-allocator-block-size=2097152"
    "memorysetup-job-temp-allocator-block-size-background=1048576"
    "memorysetup-job-temp-allocator-reduction-small-platforms=262144"
    "memorysetup-temp-allocator-size-background-worker=32768"
    "memorysetup-temp-allocator-size-job-worker=262144"
    "memorysetup-temp-allocator-size-preload-manager=33554432"
    "memorysetup-temp-allocator-size-nav-mesh-worker=65536"
    "memorysetup-temp-allocator-size-audio-worker=65536"
    "memorysetup-temp-allocator-size-cloud-worker=32768"
    "memorysetup-temp-allocator-size-gi-baking-worker=262144"
    "memorysetup-temp-allocator-size-gfx=262144"
Player connection [20732] Host "[IP] 192.168.151.11 [Port] 0 [Flags] 2 [Guid] 126389078 [EditorId] 126389078 [Version] 1048832 [Id] WindowsEditor(7,DESKTOP-JE9QRCT) [Debug] 1 [PackageName] WindowsEditor [ProjectName] Editor" joined multi-casting on [225.0.0.222:54997]...

Player connection [20732] Host "[IP] 192.168.151.11 [Port] 0 [Flags] 2 [Guid] 126389078 [EditorId] 126389078 [Version] 1048832 [Id] WindowsEditor(7,DESKTOP-JE9QRCT) [Debug] 1 [PackageName] WindowsEditor [ProjectName] Editor" joined alternative multi-casting on [225.0.0.222:34997]...

Refreshing native plugins compatible for Editor in 104.06 ms, found 3 plugins.
Preloading 0 native plugins for Editor in 0.00 ms.
Initialize engine version: 2021.3.18f1 (3129e69bc0c7)
[Subsystems] Discovering subsystems at path C:/Program Files/Unity/Hub/Editor/2021.3.18f1/Editor/Data/Resources/UnitySubsystems
[Subsystems] Discovering subsystems at path D:/Project/Github/3D-coin/BS FF12/Assets
GfxDevice: creating device client; threaded=0; jobified=0
Direct3D:
    Version:  Direct3D 11.0 [level 11.0]
    Renderer: NVIDIA Quadro M1200 (ID=0x13b6)
    Vendor:   NVIDIA
    VRAM:     4054 MB
    Driver:   31.0.15.3758
Initialize mono
Mono path[0] = 'C:/Program Files/Unity/Hub/Editor/2021.3.18f1/Editor/Data/Managed'
Mono path[1] = 'C:/Program Files/Unity/Hub/Editor/2021.3.18f1/Editor/Data/MonoBleedingEdge/lib/mono/unityjit-win32'
Mono config path = 'C:/Program Files/Unity/Hub/Editor/2021.3.18f1/Editor/Data/MonoBleedingEdge/etc'
Using monoOptions --debugger-agent=transport=dt_socket,embedding=1,server=y,suspend=n,address=127.0.0.1:56420
Begin MonoManager ReloadAssembly
Registering precompiled unity dll's ...
Register platform support module: C:/Program Files/Unity/Hub/Editor/2021.3.18f1/Editor/Data/PlaybackEngines/AndroidPlayer/UnityEditor.Android.Extensions.dll
Register platform support module: C:/Program Files/Unity/Hub/Editor/2021.3.18f1/Editor/Data/PlaybackEngines/WindowsStandaloneSupport/UnityEditor.WindowsStandalone.Extensions.dll
Registered in 0.011219 seconds.
Native extension for WindowsStandalone target not found
Native extension for Android target not found
Android Extension - Scanning For ADB Devices 406 ms
Refreshing native plugins compatible for Editor in 106.67 ms, found 3 plugins.
Preloading 0 native plugins for Editor in 0.00 ms.
Mono: successfully reloaded assembly
- Completed reload, in  1.344 seconds
Domain Reload Profiling:
	ReloadAssembly (1344ms)
		BeginReloadAssembly (118ms)
			ExecutionOrderSort (0ms)
			DisableScriptedObjects (0ms)
			BackupInstance (0ms)
			ReleaseScriptingObjects (0ms)
			CreateAndSetChildDomain (1ms)
		EndReloadAssembly (1068ms)
			LoadAssemblies (116ms)
			RebuildTransferFunctionScriptingTraits (0ms)
			SetupTypeCache (158ms)
			ReleaseScriptCaches (0ms)
			RebuildScriptCaches (44ms)
			SetupLoadedEditorAssemblies (797ms)
				LogAssemblyErrors (0ms)
				InitializePlatformSupportModulesInManaged (498ms)
				SetLoadedEditorAssemblies (0ms)
				RefreshPlugins (107ms)
				BeforeProcessingInitializeOnLoad (2ms)
				ProcessInitializeOnLoadAttributes (127ms)
				ProcessInitializeOnLoadMethodAttributes (63ms)
				AfterProcessingInitializeOnLoad (0ms)
				EditorAssembliesLoaded (0ms)
			ExecutionOrderSort2 (0ms)
			AwakeInstancesAfterBackupRestoration (0ms)
Platform modules already initialized, skipping
Registering precompiled user dll's ...
Registered in 0.005909 seconds.
Begin MonoManager ReloadAssembly
Symbol file LoadedFromMemory doesn't match image D:\Project\Github\3D-coin\BS FF12\Library\PackageCache\com.unity.visualscripting@1.8.0\Editor\VisualScripting.Core\Dependencies\YamlDotNet\Unity.VisualScripting.YamlDotNet.dll
Symbol file LoadedFromMemory doesn't match image D:\Project\Github\3D-coin\BS FF12\Library\PackageCache\com.unity.visualscripting@1.8.0\Editor\VisualScripting.Core\Dependencies\DotNetZip\Unity.VisualScripting.IonicZip.dll
Native extension for WindowsStandalone target not found
Native extension for Android target not found
Refreshing native plugins compatible for Editor in 0.68 ms, found 3 plugins.
Preloading 0 native plugins for Editor in 0.00 ms.
Mono: successfully reloaded assembly
- Completed reload, in  1.402 seconds
Domain Reload Profiling:
	ReloadAssembly (1403ms)
		BeginReloadAssembly (170ms)
			ExecutionOrderSort (0ms)
			DisableScriptedObjects (7ms)
			BackupInstance (0ms)
			ReleaseScriptingObjects (0ms)
			CreateAndSetChildDomain (36ms)
		EndReloadAssembly (1068ms)
			LoadAssemblies (113ms)
			RebuildTransferFunctionScriptingTraits (0ms)
			SetupTypeCache (391ms)
			ReleaseScriptCaches (1ms)
			RebuildScriptCaches (70ms)
			SetupLoadedEditorAssemblies (450ms)
				LogAssemblyErrors (0ms)
				InitializePlatformSupportModulesInManaged (28ms)
				SetLoadedEditorAssemblies (1ms)
				RefreshPlugins (1ms)
				BeforeProcessingInitializeOnLoad (110ms)
				ProcessInitializeOnLoadAttributes (275ms)
				ProcessInitializeOnLoadMethodAttributes (25ms)
				AfterProcessingInitializeOnLoad (10ms)
				EditorAssembliesLoaded (0ms)
			ExecutionOrderSort2 (0ms)
			AwakeInstancesAfterBackupRestoration (12ms)
Platform modules already initialized, skipping
========================================================================
Worker process is ready to serve import requests
Launched and connected shader compiler UnityShaderCompiler.exe after 0.06 seconds
Refreshing native plugins compatible for Editor in 1.23 ms, found 3 plugins.
Preloading 0 native plugins for Editor in 0.00 ms.
Unloading 3048 Unused Serialized files (Serialized files now loaded: 0)
Unloading 24 unused Assets / (113.4 KB). Loaded Objects now: 3510.
Memory consumption went from 107.5 MB to 107.4 MB.
Total: 4.126400 ms (FindLiveObjects: 0.362100 ms CreateObjectMapping: 0.270800 ms MarkObjects: 3.356200 ms  DeleteObjects: 0.136300 ms)

AssetImportParameters requested are different than current active one (requested -> active):
  custom:video-decoder-ogg-theora: a1e56fd34408186e4bbccfd4996cb3dc -> 
  custom:container-muxer-webm: aa71ff27fc2769a1b78a27578f13a17b -> 
  custom:container-demuxer-webm: 4f35f7cbe854078d1ac9338744f61a02 -> 
  custom:video-encoder-webm-vp8: eb34c28f22e8b96e1ab97ce403110664 -> 
  custom:audio-encoder-webm-vorbis: bf7c407c2cedff20999df2af8eb42d56 -> 
  custom:framework-win-MediaFoundation: 216162199b28c13a410421893ffa2e32 -> 
  custom:container-demuxer-ogg: 62fdf1f143b41e24485cea50d1cbac27 -> 
  custom:video-decoder-webm-vp8: 9c59270c3fd7afecdb556c50c9e8de78 -> 
  custom:audio-decoder-ogg-vorbis: bf7c407c2cedff20999df2af8eb42d56 -> 
========================================================================
Received Import Request.
  Time since last request: 259289.926573 seconds.
  path: Assets/Scenes/SampleScene.unity
  artifactKey: Guid(9fc0d4010bbf28b4594072e72b8655ab) Importer(815301076,1909f56bfc062723c751e8b465ee728b)
Start importing Assets/Scenes/SampleScene.unity using Guid(9fc0d4010bbf28b4594072e72b8655ab) Importer(815301076,1909f56bfc062723c751e8b465ee728b)  -> (artifact id: 'e55ccaa32d8e5c1de03c07a5412c8c3c') in 0.017883 seconds 
========================================================================
Received Import Request.
  Time since last request: 113.075778 seconds.
  path: Assets/Scenes/whiteBlur.png
  artifactKey: Guid(3a31b0f46da1c6f4d9b34667875e6363) Importer(815301076,1909f56bfc062723c751e8b465ee728b)
Start importing Assets/Scenes/whiteBlur.png using Guid(3a31b0f46da1c6f4d9b34667875e6363) Importer(815301076,1909f56bfc062723c751e8b465ee728b)  -> (artifact id: 'c8b6e5b226d17aa889c5d94818a00592') in 0.240670 seconds 
========================================================================
Received Import Request.
  Time since last request: 12.032461 seconds.
  path: Assets/Scenes/whiteBlur.png
  artifactKey: Guid(3a31b0f46da1c6f4d9b34667875e6363) Importer(815301076,1909f56bfc062723c751e8b465ee728b)
Start importing Assets/Scenes/whiteBlur.png using Guid(3a31b0f46da1c6f4d9b34667875e6363) Importer(815301076,1909f56bfc062723c751e8b465ee728b)  -> (artifact id: '6a74a346a65e940a3fb9c031a8f74f08') in 0.201848 seconds 
========================================================================
Received Prepare
Registering precompiled user dll's ...
Registered in 0.005719 seconds.
Begin MonoManager ReloadAssembly
Symbol file LoadedFromMemory doesn't match image D:\Project\Github\3D-coin\BS FF12\Library\PackageCache\com.unity.visualscripting@1.8.0\Editor\VisualScripting.Core\Dependencies\YamlDotNet\Unity.VisualScripting.YamlDotNet.dll
Symbol file LoadedFromMemory doesn't match image D:\Project\Github\3D-coin\BS FF12\Library\PackageCache\com.unity.visualscripting@1.8.0\Editor\VisualScripting.Core\Dependencies\DotNetZip\Unity.VisualScripting.IonicZip.dll
Native extension for WindowsStandalone target not found
Native extension for Android target not found
Refreshing native plugins compatible for Editor in 0.77 ms, found 3 plugins.
Preloading 0 native plugins for Editor in 0.00 ms.
Mono: successfully reloaded assembly
- Completed reload, in  1.609 seconds
Domain Reload Profiling:
	ReloadAssembly (1610ms)
		BeginReloadAssembly (395ms)
			ExecutionOrderSort (0ms)
			DisableScriptedObjects (12ms)
			BackupInstance (0ms)
			ReleaseScriptingObjects (0ms)
			CreateAndSetChildDomain (151ms)
		EndReloadAssembly (1070ms)
			LoadAssemblies (132ms)
			RebuildTransferFunctionScriptingTraits (0ms)
			SetupTypeCache (407ms)
			ReleaseScriptCaches (1ms)
			RebuildScriptCaches (53ms)
			SetupLoadedEditorAssemblies (440ms)
				LogAssemblyErrors (0ms)
				InitializePlatformSupportModulesInManaged (39ms)
				SetLoadedEditorAssemblies (1ms)
				RefreshPlugins (1ms)
				BeforeProcessingInitializeOnLoad (87ms)
				ProcessInitializeOnLoadAttributes (273ms)
				ProcessInitializeOnLoadMethodAttributes (27ms)
				AfterProcessingInitializeOnLoad (11ms)
				EditorAssembliesLoaded (0ms)
			ExecutionOrderSort2 (0ms)
			AwakeInstancesAfterBackupRestoration (13ms)
Platform modules already initialized, skipping
Refreshing native plugins compatible for Editor in 4.26 ms, found 3 plugins.
Preloading 0 native plugins for Editor in 0.00 ms.
Unloading 3048 Unused Serialized files (Serialized files now loaded: 0)
Unloading 18 unused Assets / (113.6 KB). Loaded Objects now: 3525.
Memory consumption went from 112.0 MB to 111.9 MB.
Total: 7.387300 ms (FindLiveObjects: 0.968800 ms CreateObjectMapping: 0.469300 ms MarkObjects: 5.770500 ms  DeleteObjects: 0.175400 ms)

AssetImportParameters requested are different than current active one (requested -> active):
  custom:video-decoder-ogg-theora: a1e56fd34408186e4bbccfd4996cb3dc -> 
  custom:container-muxer-webm: aa71ff27fc2769a1b78a27578f13a17b -> 
  custom:container-demuxer-webm: 4f35f7cbe854078d1ac9338744f61a02 -> 
  custom:video-encoder-webm-vp8: eb34c28f22e8b96e1ab97ce403110664 -> 
  custom:audio-encoder-webm-vorbis: bf7c407c2cedff20999df2af8eb42d56 -> 
  custom:framework-win-MediaFoundation: 216162199b28c13a410421893ffa2e32 -> 
  custom:container-demuxer-ogg: 62fdf1f143b41e24485cea50d1cbac27 -> 
  custom:video-decoder-webm-vp8: 9c59270c3fd7afecdb556c50c9e8de78 -> 
  custom:audio-decoder-ogg-vorbis: bf7c407c2cedff20999df2af8eb42d56 -> 
========================================================================
Received Import Request.
  Time since last request: 13174.644902 seconds.
  path: Assets/Krivodeling/UI/Effects/Blur/Demo/Materials/Thunder.mat
  artifactKey: Guid(fe9fe2d933bc89c448860fd2b8cbe45e) Importer(815301076,1909f56bfc062723c751e8b465ee728b)
Start importing Assets/Krivodeling/UI/Effects/Blur/Demo/Materials/Thunder.mat using Guid(fe9fe2d933bc89c448860fd2b8cbe45e) Importer(815301076,1909f56bfc062723c751e8b465ee728b)  -> (artifact id: '27d7a5a14e81de4ee6d675878c25ceaf') in 0.312131 seconds 
========================================================================
Received Import Request.
  Time since last request: 0.000057 seconds.
  path: Assets/Krivodeling/UI/Effects/Blur/Demo/Sprites/Ball_1.png
  artifactKey: Guid(b3197a449cadb274eb045036c5ccc959) Importer(815301076,1909f56bfc062723c751e8b465ee728b)
Start importing Assets/Krivodeling/UI/Effects/Blur/Demo/Sprites/Ball_1.png using Guid(b3197a449cadb274eb045036c5ccc959) Importer(815301076,1909f56bfc062723c751e8b465ee728b)  -> (artifact id: 'd94408dd3d1749721f35812a3a3638a9') in 0.051189 seconds 
========================================================================
Received Import Request.
  Time since last request: 0.000045 seconds.
  path: Assets/Krivodeling/UI/Effects/Blur/Demo/Materials
  artifactKey: Guid(831ba3f20c71510469d0762694ba0965) Importer(815301076,1909f56bfc062723c751e8b465ee728b)
Start importing Assets/Krivodeling/UI/Effects/Blur/Demo/Materials using Guid(831ba3f20c71510469d0762694ba0965) Importer(815301076,1909f56bfc062723c751e8b465ee728b)  -> (artifact id: 'e67cdb5b30951426692febd4ddfda35f') in 0.013933 seconds 
========================================================================
Received Import Request.
  Time since last request: 0.000023 seconds.
  path: Assets/Krivodeling/UI/Effects/Blur/Demo/Sprites/Ball_0.png
  artifactKey: Guid(a41f4cc06f3f5a448981b69256b721c2) Importer(815301076,1909f56bfc062723c751e8b465ee728b)
Start importing Assets/Krivodeling/UI/Effects/Blur/Demo/Sprites/Ball_0.png using Guid(a41f4cc06f3f5a448981b69256b721c2) Importer(815301076,1909f56bfc062723c751e8b465ee728b)  -> (artifact id: 'be3f56d21cbbc4a53bd898b01ae0c0de') in 0.026098 seconds 
========================================================================
Received Import Request.
  Time since last request: 0.000028 seconds.
  path: Assets/Krivodeling/UI/Effects/Blur/Demo/Sprites/Thunder.png
  artifactKey: Guid(296146a1c68880f40b9b165114d76fa0) Importer(815301076,1909f56bfc062723c751e8b465ee728b)
Start importing Assets/Krivodeling/UI/Effects/Blur/Demo/Sprites/Thunder.png using Guid(296146a1c68880f40b9b165114d76fa0) Importer(815301076,1909f56bfc062723c751e8b465ee728b)  -> (artifact id: '8de28d18997ab6cf4a92c49a45982a75') in 0.023877 seconds 
========================================================================
Received Import Request.
  Time since last request: 0.000030 seconds.
  path: Assets/Krivodeling/UI
  artifactKey: Guid(7df8b0448a979744fb2ce5d903107718) Importer(815301076,1909f56bfc062723c751e8b465ee728b)
Start importing Assets/Krivodeling/UI using Guid(7df8b0448a979744fb2ce5d903107718) Importer(815301076,1909f56bfc062723c751e8b465ee728b)  -> (artifact id: '8b78b85e2c777ad204d5769617252439') in 0.010520 seconds 
========================================================================
Received Import Request.
  Time since last request: 0.945735 seconds.
  path: Assets/Krivodeling/UI/Effects/Blur/Demo/Sprites
  artifactKey: Guid(8a6ef659d74ce5947b40be66dd84ea39) Importer(815301076,1909f56bfc062723c751e8b465ee728b)
Start importing Assets/Krivodeling/UI/Effects/Blur/Demo/Sprites using Guid(8a6ef659d74ce5947b40be66dd84ea39) Importer(815301076,1909f56bfc062723c751e8b465ee728b)  -> (artifact id: '48fe5150be0303a2499c62f664a65656') in 0.011335 seconds 
========================================================================
Received Import Request.
  Time since last request: 0.049869 seconds.
  path: Assets/Krivodeling/UI/Effects/Blur/Demo/Sprites/Background.png
  artifactKey: Guid(9529924d37861124ab19185f614b5853) Importer(815301076,1909f56bfc062723c751e8b465ee728b)
Start importing Assets/Krivodeling/UI/Effects/Blur/Demo/Sprites/Background.png using Guid(9529924d37861124ab19185f614b5853) Importer(815301076,1909f56bfc062723c751e8b465ee728b)  -> (artifact id: '67fae8948961c67f26662402845969c4') in 0.094031 seconds 
========================================================================
Received Import Request.
  Time since last request: 0.000062 seconds.
  path: Assets/Krivodeling/UI/Effects/Blur/Demo/Sprites/UIBlurSprite.png
  artifactKey: Guid(f68c852012f9bab448c5079c30cbc2c9) Importer(815301076,1909f56bfc062723c751e8b465ee728b)
Start importing Assets/Krivodeling/UI/Effects/Blur/Demo/Sprites/UIBlurSprite.png using Guid(f68c852012f9bab448c5079c30cbc2c9) Importer(815301076,1909f56bfc062723c751e8b465ee728b)  -> (artifact id: '1d6be9c0a2a2335608ab3f83e5d37095') in 0.043685 seconds 
========================================================================
Received Import Request.
  Time since last request: 4.636422 seconds.
  path: Assets/Krivodeling/UI/Effects/Blur/Demo/Scripts
  artifactKey: Guid(21cb75710ad492046bd78d6236f56e26) Importer(815301076,1909f56bfc062723c751e8b465ee728b)
Start importing Assets/Krivodeling/UI/Effects/Blur/Demo/Scripts using Guid(21cb75710ad492046bd78d6236f56e26) Importer(815301076,1909f56bfc062723c751e8b465ee728b)  -> (artifact id: '4496576685f15aa7a6469305497c8111') in 0.010677 seconds 
========================================================================
Received Import Request.
  Time since last request: 1.065511 seconds.
  path: Assets/Krivodeling/UI/Effects/Blur/Demo/Scripts/MovingImage.cs
  artifactKey: Guid(ee566f84c572c6c4c870cba503912148) Importer(815301076,1909f56bfc062723c751e8b465ee728b)
Start importing Assets/Krivodeling/UI/Effects/Blur/Demo/Scripts/MovingImage.cs using Guid(ee566f84c572c6c4c870cba503912148) Importer(815301076,1909f56bfc062723c751e8b465ee728b)  -> (artifact id: 'aebcf2183d5247f81de436cf3cbb6a7b') in 0.029828 seconds 
========================================================================
Received Import Request.
  Time since last request: 8.512822 seconds.
  path: Assets/Krivodeling/UI/Effects/Blur/Materials
  artifactKey: Guid(ba41e4b98c30e854ca9f2ba785d77392) Importer(815301076,1909f56bfc062723c751e8b465ee728b)
Start importing Assets/Krivodeling/UI/Effects/Blur/Materials using Guid(ba41e4b98c30e854ca9f2ba785d77392) Importer(815301076,1909f56bfc062723c751e8b465ee728b)  -> (artifact id: '4757269422bcba1c975ca2b5bba4889f') in 0.002256 seconds 
========================================================================
Received Import Request.
  Time since last request: 0.063194 seconds.
  path: Assets/Krivodeling/UI/Effects/Blur/Materials/UI Blur Material.mat
  artifactKey: Guid(238709f351fcac743a21a9378d10ad0c) Importer(815301076,1909f56bfc062723c751e8b465ee728b)
Start importing Assets/Krivodeling/UI/Effects/Blur/Materials/UI Blur Material.mat using Guid(238709f351fcac743a21a9378d10ad0c) Importer(815301076,1909f56bfc062723c751e8b465ee728b)  -> (artifact id: '0c85df54479e9c5a23033e33942c3959') in 0.096126 seconds 
========================================================================
Received Import Request.
  Time since last request: 50.277381 seconds.
  path: Assets/Krivodeling/UI/Effects/Blur/Materials/Server.png
  artifactKey: Guid(c031a35029ba04e40ad164ae7827f1a7) Importer(815301076,1909f56bfc062723c751e8b465ee728b)
Start importing Assets/Krivodeling/UI/Effects/Blur/Materials/Server.png using Guid(c031a35029ba04e40ad164ae7827f1a7) Importer(815301076,1909f56bfc062723c751e8b465ee728b)  -> (artifact id: '129c2f65c7ddc9df8da6e8519a9f4a1e') in 0.056276 seconds 
========================================================================
Received Import Request.
  Time since last request: 8.666034 seconds.
  path: Assets/Krivodeling/UI/Effects/Blur/Materials/Server.png
  artifactKey: Guid(c031a35029ba04e40ad164ae7827f1a7) Importer(815301076,1909f56bfc062723c751e8b465ee728b)
Start importing Assets/Krivodeling/UI/Effects/Blur/Materials/Server.png using Guid(c031a35029ba04e40ad164ae7827f1a7) Importer(815301076,1909f56bfc062723c751e8b465ee728b)  -> (artifact id: 'b77f58796996268e8559fa4ce547e588') in 0.225411 seconds 
========================================================================
Received Import Request.
  Time since last request: 247.742222 seconds.
  path: Assets/Krivodeling/UI/Effects/Blur/Scripts
  artifactKey: Guid(60edc45a5d3b3524cb4df58882db30a3) Importer(815301076,1909f56bfc062723c751e8b465ee728b)
Start importing Assets/Krivodeling/UI/Effects/Blur/Scripts using Guid(60edc45a5d3b3524cb4df58882db30a3) Importer(815301076,1909f56bfc062723c751e8b465ee728b)  -> (artifact id: '85e72fe9a2a4b19f83dadc545e9c9896') in 0.002456 seconds 
========================================================================
Received Import Request.
  Time since last request: 3.886394 seconds.
  path: Assets/Krivodeling/UI/Effects/Blur/Shaders
  artifactKey: Guid(a597ac3258996e74b84f0661d5c8b6a7) Importer(815301076,1909f56bfc062723c751e8b465ee728b)
Start importing Assets/Krivodeling/UI/Effects/Blur/Shaders using Guid(a597ac3258996e74b84f0661d5c8b6a7) Importer(815301076,1909f56bfc062723c751e8b465ee728b)  -> (artifact id: '6f752d10f90c0f69cdc95d13fdb8fb26') in 0.010755 seconds 
========================================================================
Received Import Request.
  Time since last request: 7.278096 seconds.
  path: Assets/Krivodeling/UI/Effects/Blur/Demo/Scenes
  artifactKey: Guid(8c51de7c131b01a45acc51084c1cb128) Importer(815301076,1909f56bfc062723c751e8b465ee728b)
Start importing Assets/Krivodeling/UI/Effects/Blur/Demo/Scenes using Guid(8c51de7c131b01a45acc51084c1cb128) Importer(815301076,1909f56bfc062723c751e8b465ee728b)  -> (artifact id: '66219bc008a8e27ed1237ed1aa7deadc') in 0.010838 seconds 
